<?xml version="1.0" encoding="UTF-8"?>
<testsuite name="Cucumber" time="5.989" tests="1" skipped="0" failures="1" errors="0">
<testcase classname="US002_TechProEducation_Testi_Hooks" name="TC01_TechProEducation_Sayfasi_Testi" time="5.601">
<failure type="org.openqa.selenium.InvalidArgumentException" message="invalid argument
  (Session info: chrome=114.0.5735.110)
Build info: version: '4.8.3', revision: 'e5e76298c3'
System info: os.name: 'Windows 11', os.arch: 'amd64', os.version: '10.0', java.version: '19.0.2'
Driver info: org.openqa.selenium.chrome.ChromeDriver
Command: [f3d8779cb60fe96d7535c520344d882b, get {url=techproed_Url}]
Capabilities {acceptInsecureCerts: false, browserName: chrome, browserVersion: 114.0.5735.110, chrome: {chromedriverVersion: 114.0.5735.90 (386bc09e8f4f..., userDataDir: C:\Users\ASUS\AppData\Local...}, goog:chromeOptions: {debuggerAddress: localhost:61120}, networkConnectionEnabled: false, pageLoadStrategy: normal, platformName: WINDOWS, proxy: Proxy(), se:cdp: ws://localhost:61120/devtoo..., se:cdpVersion: 114.0.5735.110, setWindowRect: true, strictFileInteractability: false, timeouts: {implicit: 0, pageLoad: 300000, script: 30000}, unhandledPromptBehavior: dismiss and notify, webauthn:extension:credBlob: true, webauthn:extension:largeBlob: true, webauthn:extension:minPinLength: true, webauthn:extension:prf: true, webauthn:virtualAuthenticators: true}
Session ID: f3d8779cb60fe96d7535c520344d882b">
<![CDATA[org.openqa.selenium.InvalidArgumentException: invalid argument
  (Session info: chrome=114.0.5735.110)
Build info: version: '4.8.3', revision: 'e5e76298c3'
System info: os.name: 'Windows 11', os.arch: 'amd64', os.version: '10.0', java.version: '19.0.2'
Driver info: org.openqa.selenium.chrome.ChromeDriver
Command: [f3d8779cb60fe96d7535c520344d882b, get {url=techproed_Url}]
Capabilities {acceptInsecureCerts: false, browserName: chrome, browserVersion: 114.0.5735.110, chrome: {chromedriverVersion: 114.0.5735.90 (386bc09e8f4f..., userDataDir: C:\Users\ASUS\AppData\Local...}, goog:chromeOptions: {debuggerAddress: localhost:61120}, networkConnectionEnabled: false, pageLoadStrategy: normal, platformName: WINDOWS, proxy: Proxy(), se:cdp: ws://localhost:61120/devtoo..., se:cdpVersion: 114.0.5735.110, setWindowRect: true, strictFileInteractability: false, timeouts: {implicit: 0, pageLoad: 300000, script: 30000}, unhandledPromptBehavior: dismiss and notify, webauthn:extension:credBlob: true, webauthn:extension:largeBlob: true, webauthn:extension:minPinLength: true, webauthn:extension:prf: true, webauthn:virtualAuthenticators: true}
Session ID: f3d8779cb60fe96d7535c520344d882b
	at java.base/jdk.internal.reflect.DirectConstructorHandleAccessor.newInstance(DirectConstructorHandleAccessor.java:67)
	at java.base/java.lang.reflect.Constructor.newInstanceWithCaller(Constructor.java:500)
	at java.base/java.lang.reflect.Constructor.newInstance(Constructor.java:484)
	at org.openqa.selenium.remote.codec.w3c.W3CHttpResponseCodec.createException(W3CHttpResponseCodec.java:200)
	at org.openqa.selenium.remote.codec.w3c.W3CHttpResponseCodec.decode(W3CHttpResponseCodec.java:133)
	at org.openqa.selenium.remote.codec.w3c.W3CHttpResponseCodec.decode(W3CHttpResponseCodec.java:53)
	at org.openqa.selenium.remote.HttpCommandExecutor.execute(HttpCommandExecutor.java:193)
	at org.openqa.selenium.remote.service.DriverCommandExecutor.invokeExecute(DriverCommandExecutor.java:183)
	at org.openqa.selenium.remote.service.DriverCommandExecutor.execute(DriverCommandExecutor.java:158)
	at org.openqa.selenium.remote.RemoteWebDriver.execute(RemoteWebDriver.java:543)
	at org.openqa.selenium.remote.RemoteWebDriver.get(RemoteWebDriver.java:297)
	at techproed.stepDefinitions.TechproStepDefinition.kullanici__sayfasina_gider(TechproStepDefinition.java:40)
	at âœ½.kullanici_"techproed_Url"_sayfasina_gider(file:///C:/Users/ASUS/IdeaProjects/B129CucumberProject/src/test/resources/features/day34_DataTables_Hooks/US002_Hooks.feature:4)
]]>
</failure>
<system-out><![CDATA[
Given kullanici_"techproed_Url"_sayfasina_gider.............................failed
And cikan_reklam_kapatilir..................................................skipped
And kullanici 2 saniye bekler...............................................skipped
And searchBoxda_"developer"_aratir..........................................skipped
And sayfa_basliginin_"QA"_icerdigini_test_eder..............................skipped
When kullanici_tum_sayfanin_resmini_alir....................................skipped
And sayfayi_kapatir.........................................................skipped
]]></system-out>
</testcase>
</testsuite>
